<?xml version="1.0" encoding="UTF-8"?>
<!-- Generated by org.testng.reporters.JUnitReportReporter -->
<testsuite hostname="DESKTOP-CABBH8E" failures="0" tests="1" name="excel" time="0.747" errors="0" timestamp="2025-06-26T14:16:53 TRT" skipped="0">
  <testcase classname="excel" name="getExcelData" time="0.747"/>
</testsuite> <!-- excel -->
