<?xml version="1.0" encoding="UTF-8"?>
<!-- Generated by org.testng.reporters.JUnitReportReporter -->
<testsuite hostname="DESKTOP-CABBH8E" failures="0" tests="1" name="Parent_Class_2" time="0.018" errors="0" timestamp="2025-06-06T17:44:03 TRT" skipped="0">
  <testcase classname="Parent_Class_2" name="testRun" time="0.018"/>
</testsuite> <!-- Parent_Class_2 -->
