<?xml version="1.0" encoding="UTF-8"?>
<!-- Generated by org.testng.reporters.JUnitReportReporter -->
<testsuite hostname="DESKTOP-CABBH8E" failures="0" tests="1" name="RSATest" time="6.199" errors="0" timestamp="2025-06-25T15:38:31 TRT" skipped="0">
  <testcase classname="RSATest" name="HomePageCheck" time="6.199"/>
</testsuite> <!-- RSATest -->
