<?xml version="1.0" encoding="UTF-8"?>
<!-- Generated by org.testng.reporters.JUnitReportReporter -->
<testsuite hostname="DESKTOP-CABBH8E" failures="0" tests="1" name="GoogleTest" time="4.796" errors="0" timestamp="2025-06-25T15:38:31 TRT" skipped="0">
  <testcase classname="GoogleTest" name="HomePageCheck" time="4.796"/>
</testsuite> <!-- GoogleTest -->
