<?xml version="1.0" encoding="UTF-8"?>
<!-- Generated by org.testng.reporters.JUnitReportReporter -->
<testsuite hostname="DESKTOP-CABBH8E" failures="0" tests="2" name="DemoMaven2.MavenJava.RESTAPITest" time="0.015" errors="0" timestamp="2025-06-29T15:17:28 TRT" skipped="0">
  <testcase classname="DemoMaven2.MavenJava.RESTAPITest" name="RESTAPITest1" time="0.013"/>
  <testcase classname="DemoMaven2.MavenJava.RESTAPITest" name="RESTAPITest2" time="0.002"/>
</testsuite> <!-- DemoMaven2.MavenJava.RESTAPITest -->
