<?xml version="1.0" encoding="UTF-8"?>
<!-- Generated by org.testng.reporters.JUnitReportReporter -->
<testsuite hostname="DESKTOP-CABBH8E" failures="0" tests="2" name="DemoMaven2.MavenJava.AppiumTest" time="0.018" errors="0" timestamp="2025-06-29T15:17:53 TRT" skipped="0">
  <testcase classname="DemoMaven2.MavenJava.AppiumTest" name="AppiumTest1" time="0.014"/>
  <testcase classname="DemoMaven2.MavenJava.AppiumTest" name="AppiumTest2" time="0.004"/>
</testsuite> <!-- DemoMaven2.MavenJava.AppiumTest -->
