<?xml version="1.0" encoding="UTF-8"?>
<!-- Generated by org.testng.reporters.JUnitReportReporter -->
<testsuite hostname="DESKTOP-CABBH8E" failures="0" tests="3" name="dataDriven.excelDataProvider.dataProvider" time="0.018" errors="0" timestamp="2025-06-26T14:32:07 TRT" skipped="0">
  <testcase classname="dataDriven.excelDataProvider.dataProvider" name="testCaseData" time="0.013"/>
  <testcase classname="dataDriven.excelDataProvider.dataProvider" name="testCaseData" time="0.002"/>
  <testcase classname="dataDriven.excelDataProvider.dataProvider" name="testCaseData" time="0.003"/>
</testsuite> <!-- dataDriven.excelDataProvider.dataProvider -->
