<?xml version="1.0" encoding="UTF-8"?>
<!-- Generated by org.testng.reporters.JUnitReportReporter -->
<testsuite hostname="DESKTOP-CABBH8E" failures="0" tests="1" name="Dani.ExtentReportsDemo.ExtentReport" time="4.686" errors="0" timestamp="2025-06-08T15:40:19 TRT" skipped="0">
  <testcase classname="Dani.ExtentReportsDemo.ExtentReport" name="initialDemo" time="4.686"/>
</testsuite> <!-- Dani.ExtentReportsDemo.ExtentReport -->
