<?xml version="1.0" encoding="UTF-8"?>
<!-- Generated by org.testng.reporters.JUnitReportReporter -->
<testsuite hostname="DESKTOP-CABBH8E" failures="0" tests="3" name="Test_Package.Basic_TestNG_4" time="0.008" errors="0" timestamp="2025-06-06T16:54:08 TRT" skipped="0">
  <testcase classname="Test_Package.Basic_TestNG_4" name="MobileAppLogin" time="0.002"/>
  <testcase classname="Test_Package.Basic_TestNG_4" name="LoginAPI" time="0.003"/>
  <testcase classname="Test_Package.Basic_TestNG_4" name="WebLogin" time="0.003"/>
</testsuite> <!-- Test_Package.Basic_TestNG_4 -->
