<?xml version="1.0" encoding="UTF-8"?>
<!-- Generated by org.testng.reporters.JUnitReportReporter -->
<testsuite hostname="DESKTOP-CABBH8E" failures="0" tests="2" name="Test_Package.Basic_TestNG" time="0.020" errors="0" timestamp="2025-06-06T16:54:08 TRT" skipped="0">
  <testcase classname="Test_Package.Basic_TestNG" name="SecondDemo" time="0.006"/>
  <testcase classname="Test_Package.Basic_TestNG" name="Demo" time="0.014"/>
</testsuite> <!-- Test_Package.Basic_TestNG -->
