<?xml version="1.0" encoding="UTF-8"?>
<!-- Generated by org.testng.reporters.JUnitReportReporter -->
<testsuite hostname="DESKTOP-CABBH8E" failures="0" tests="6" name="Test_Package.Basic_TestNG_3" time="0.045" errors="0" timestamp="2025-06-06T16:54:08 TRT" skipped="1">
  <testcase classname="Test_Package.Basic_TestNG_3" name="MobileAppLoginHome" time="0.009"/>
  <testcase classname="Test_Package.Basic_TestNG_3" name="LoginAPIHome" time="0.016"/>
  <testcase classname="Test_Package.Basic_TestNG_3" name="TestDataProvider" time="0.006"/>
  <testcase classname="Test_Package.Basic_TestNG_3" name="TestDataProvider" time="0.010"/>
  <testcase classname="Test_Package.Basic_TestNG_3" name="TestDataProvider" time="0.004"/>
  <testcase classname="Test_Package.Basic_TestNG_3" name="WebLoginHome">
    <skipped/>
  </testcase> <!-- WebLoginHome -->
</testsuite> <!-- Test_Package.Basic_TestNG_3 -->
